<?xml version="1.0" encoding="UTF-8"?>
<!-- Generated by org.testng.reporters.JUnitXMLReporter -->
<testsuite ignored="0" hostname="LAPTOP-EHFD1NS5" failures="0" tests="3" name="EdgeTest" time="19.049" errors="0" timestamp="2022-11-07T13:26:31 IST">
  <testcase classname="com.supermarket.tests.LoginTestcase" name="validateWithInValidCredentials" time="0.587"/>
  <testcase classname="com.supermarket.tests.LoginTestcase" name="validateWithInValidCredentials" time="0.628"/>
  <testcase classname="com.supermarket.tests.LoginTestcase" name="validateWithValidCredentials" time="0.814"/>
</testsuite> <!-- EdgeTest -->
