<?xml version="1.0" encoding="UTF-8"?>
<!-- Generated by org.testng.reporters.JUnitXMLReporter -->
<testsuite ignored="10" hostname="LAPTOP-EHFD1NS5" failures="0" tests="5" name="ParallelTesting" time="58.82" errors="0" timestamp="2022-11-06T23:49:45 IST">
  <testcase classname="com.supermarket.tests.ManageExpenseTestcase" name="validateRestrictDuplicateExpenseCategory" time="1.873"/>
  <testcase classname="com.supermarket.tests.ManageProductTestcase" name="validateEditProduct" time="14.602">
    <skipped/>
  </testcase> <!-- validateEditProduct -->
  <testcase classname="com.supermarket.tests.ManageProductTestcase" name="validateEditProduct" time="17.643"/>
  <testcase classname="com.supermarket.tests.ManageProductTestcase" name="validateNumberOfProducts" time="4.637"/>
  <testcase classname="com.supermarket.tests.ManageProductTestcase" name="validateSearchProduct" time="13.609"/>
  <testcase classname="com.supermarket.tests.ManageProductTestcase" name="validateDeleteProduct" time="0.0">
    <ignored/>
  </testcase> <!-- validateDeleteProduct -->
  <testcase classname="com.supermarket.tests.ManageExpenseTestcase" name="validateEditExpenseCategory" time="0.0">
    <ignored/>
  </testcase> <!-- validateEditExpenseCategory -->
  <testcase classname="com.supermarket.tests.ManageExpenseTestcase" name="validateSearchExpense" time="0.0">
    <ignored/>
  </testcase> <!-- validateSearchExpense -->
  <testcase classname="com.supermarket.tests.ManageProductTestcase" name="validateAddProduct" time="0.0">
    <ignored/>
  </testcase> <!-- validateAddProduct -->
  <testcase classname="com.supermarket.tests.ManageExpenseTestcase" name="validateSearchExpenseCategory" time="0.0">
    <ignored/>
  </testcase> <!-- validateSearchExpenseCategory -->
  <testcase classname="com.supermarket.tests.ManageExpenseTestcase" name="validateDeleteExpenseCategory" time="0.0">
    <ignored/>
  </testcase> <!-- validateDeleteExpenseCategory -->
  <testcase classname="com.supermarket.tests.ManageExpenseTestcase" name="validateAddExpense" time="0.0">
    <ignored/>
  </testcase> <!-- validateAddExpense -->
  <testcase classname="com.supermarket.tests.ManageExpenseTestcase" name="validateDeleteExpense" time="0.0">
    <ignored/>
  </testcase> <!-- validateDeleteExpense -->
  <testcase classname="com.supermarket.tests.ManageExpenseTestcase" name="validateAddExpenseCategory" time="0.0">
    <ignored/>
  </testcase> <!-- validateAddExpenseCategory -->
  <testcase classname="com.supermarket.tests.ManageExpenseTestcase" name="validateEditExpense" time="0.0">
    <ignored/>
  </testcase> <!-- validateEditExpense -->
</testsuite> <!-- ParallelTesting -->
