<?xml version="1.0" encoding="UTF-8"?>
<!-- Generated by org.testng.reporters.JUnitXMLReporter -->
<testsuite ignored="0" hostname="LAPTOP-EHFD1NS5" failures="0" tests="3" name="Testing" time="70.375" errors="0" timestamp="2022-11-26T13:20:42 IST">
  <testcase classname="com.supermarket.tests.LoginTestcase" name="validateWithValidCredentials" time="13.239"/>
  <testcase classname="com.supermarket.tests.LoginTestcase" name="validateWithInValidCredentials" time="1.446"/>
  <testcase classname="com.supermarket.tests.LoginTestcase" name="validateWithInValidCredentials" time="2.679"/>
</testsuite> <!-- Testing -->
