<?xml version="1.0" encoding="UTF-8"?>
<!-- Generated by org.testng.reporters.JUnitXMLReporter -->
<testsuite ignored="0" hostname="LAPTOP-EHFD1NS5" failures="0" tests="3" name="Testing" time="8.352" errors="0" timestamp="2022-11-26T17:09:37 IST">
  <testcase classname="com.supermarket.tests.LoginTestcase" name="validateWithValidCredentials" time="1.425"/>
  <testcase classname="com.supermarket.tests.LoginTestcase" name="validateWithInValidCredentials" time="0.429"/>
  <testcase classname="com.supermarket.tests.LoginTestcase" name="validateWithInValidCredentials" time="0.343"/>
</testsuite> <!-- Testing -->
