<?xml version="1.0" encoding="UTF-8"?>
<testng-results ignored="0" total="3" passed="3" failed="0" skipped="0">
  <reporter-output>
  </reporter-output>
  <suite started-at="2022-11-26T17:09:28 IST" name="Suite" finished-at="2022-11-26T17:09:37 IST" duration-ms="8352">
    <groups>
    </groups>
    <test started-at="2022-11-26T17:09:28 IST" name="Testing" finished-at="2022-11-26T17:09:37 IST" duration-ms="8352">
      <class name="com.supermarket.tests.LoginTestcase">
        <test-method is-config="true" signature="beforeSuite()[pri:0, instance:com.supermarket.tests.LoginTestcase@247310d0]" started-at="2022-11-26T17:09:28 IST" name="beforeSuite" finished-at="2022-11-26T17:09:28 IST" duration-ms="6" status="PASS">
          <reporter-output>
          </reporter-output>
        </test-method> <!-- beforeSuite -->
        <test-method is-config="true" signature="beforeTest()[pri:0, instance:com.supermarket.tests.LoginTestcase@247310d0]" started-at="2022-11-26T17:09:28 IST" name="beforeTest" finished-at="2022-11-26T17:09:28 IST" duration-ms="0" status="PASS">
          <reporter-output>
          </reporter-output>
        </test-method> <!-- beforeTest -->
        <test-method is-config="true" signature="beforeClass()[pri:0, instance:com.supermarket.tests.LoginTestcase@247310d0]" started-at="2022-11-26T17:09:28 IST" name="beforeClass" finished-at="2022-11-26T17:09:28 IST" duration-ms="0" status="PASS">
          <reporter-output>
          </reporter-output>
        </test-method> <!-- beforeClass -->
        <test-method is-config="true" signature="beforeMethod(java.lang.String)[pri:0, instance:com.supermarket.tests.LoginTestcase@247310d0]" started-at="2022-11-26T17:09:28 IST" name="beforeMethod" finished-at="2022-11-26T17:09:31 IST" duration-ms="2671" status="PASS">
          <params>
            <param index="0">
              <value>
                <![CDATA[chrome]]>
              </value>
            </param>
          </params>
          <reporter-output>
          </reporter-output>
        </test-method> <!-- beforeMethod -->
        <test-method signature="validateWithValidCredentials()[pri:1, instance:com.supermarket.tests.LoginTestcase@247310d0]" started-at="2022-11-26T17:09:31 IST" name="validateWithValidCredentials" description="TC_001_Verify login with valid user credentials" finished-at="2022-11-26T17:09:32 IST" duration-ms="1425" status="PASS">
          <reporter-output>
          </reporter-output>
        </test-method> <!-- validateWithValidCredentials -->
        <test-method is-config="true" signature="afterMethod(org.testng.ITestResult)[pri:0, instance:com.supermarket.tests.LoginTestcase@247310d0]" started-at="2022-11-26T17:09:32 IST" name="afterMethod" finished-at="2022-11-26T17:09:33 IST" duration-ms="142" status="PASS">
          <params>
            <param index="0">
              <value>
                <![CDATA[[TestResult name=validateWithValidCredentials status=SUCCESS method=LoginTestcase.validateWithValidCredentials()[pri:1, instance:com.supermarket.tests.LoginTestcase@247310d0] output={null}]]]>
              </value>
            </param>
          </params>
          <reporter-output>
          </reporter-output>
        </test-method> <!-- afterMethod -->
        <test-method is-config="true" signature="beforeMethod(java.lang.String)[pri:0, instance:com.supermarket.tests.LoginTestcase@247310d0]" started-at="2022-11-26T17:09:33 IST" name="beforeMethod" finished-at="2022-11-26T17:09:34 IST" duration-ms="1507" status="PASS">
          <params>
            <param index="0">
              <value>
                <![CDATA[chrome]]>
              </value>
            </param>
          </params>
          <reporter-output>
          </reporter-output>
        </test-method> <!-- beforeMethod -->
        <test-method signature="validateWithInValidCredentials(java.lang.String,java.lang.String)[pri:2, instance:com.supermarket.tests.LoginTestcase@247310d0]" started-at="2022-11-26T17:09:34 IST" name="validateWithInValidCredentials" description="TC_002_Verify login with invalid user credentials" data-provider="loginData" finished-at="2022-11-26T17:09:34 IST" duration-ms="429" status="PASS">
          <params>
            <param index="0">
              <value>
                <![CDATA[username1]]>
              </value>
            </param>
            <param index="1">
              <value>
                <![CDATA[password1]]>
              </value>
            </param>
          </params>
          <reporter-output>
          </reporter-output>
        </test-method> <!-- validateWithInValidCredentials -->
        <test-method is-config="true" signature="afterMethod(org.testng.ITestResult)[pri:0, instance:com.supermarket.tests.LoginTestcase@247310d0]" started-at="2022-11-26T17:09:34 IST" name="afterMethod" finished-at="2022-11-26T17:09:35 IST" duration-ms="135" status="PASS">
          <params>
            <param index="0">
              <value>
                <![CDATA[[TestResult name=validateWithInValidCredentials status=SUCCESS method=LoginTestcase.validateWithInValidCredentials(java.lang.String,java.lang.String)[pri:2, instance:com.supermarket.tests.LoginTestcase@247310d0] output={null}]]]>
              </value>
            </param>
          </params>
          <reporter-output>
          </reporter-output>
        </test-method> <!-- afterMethod -->
        <test-method is-config="true" signature="beforeMethod(java.lang.String)[pri:0, instance:com.supermarket.tests.LoginTestcase@247310d0]" started-at="2022-11-26T17:09:35 IST" name="beforeMethod" finished-at="2022-11-26T17:09:36 IST" duration-ms="1536" status="PASS">
          <params>
            <param index="0">
              <value>
                <![CDATA[chrome]]>
              </value>
            </param>
          </params>
          <reporter-output>
          </reporter-output>
        </test-method> <!-- beforeMethod -->
        <test-method signature="validateWithInValidCredentials(java.lang.String,java.lang.String)[pri:2, instance:com.supermarket.tests.LoginTestcase@247310d0]" started-at="2022-11-26T17:09:36 IST" name="validateWithInValidCredentials" description="TC_002_Verify login with invalid user credentials" data-provider="loginData" finished-at="2022-11-26T17:09:36 IST" duration-ms="343" status="PASS">
          <params>
            <param index="0">
              <value>
                <![CDATA[username2]]>
              </value>
            </param>
            <param index="1">
              <value>
                <![CDATA[password2]]>
              </value>
            </param>
          </params>
          <reporter-output>
          </reporter-output>
        </test-method> <!-- validateWithInValidCredentials -->
        <test-method is-config="true" signature="afterMethod(org.testng.ITestResult)[pri:0, instance:com.supermarket.tests.LoginTestcase@247310d0]" started-at="2022-11-26T17:09:36 IST" name="afterMethod" finished-at="2022-11-26T17:09:37 IST" duration-ms="124" status="PASS">
          <params>
            <param index="0">
              <value>
                <![CDATA[[TestResult name=validateWithInValidCredentials status=SUCCESS method=LoginTestcase.validateWithInValidCredentials(java.lang.String,java.lang.String)[pri:2, instance:com.supermarket.tests.LoginTestcase@247310d0] output={null}]]]>
              </value>
            </param>
          </params>
          <reporter-output>
          </reporter-output>
        </test-method> <!-- afterMethod -->
        <test-method is-config="true" signature="afterClass()[pri:0, instance:com.supermarket.tests.LoginTestcase@247310d0]" started-at="2022-11-26T17:09:37 IST" name="afterClass" finished-at="2022-11-26T17:09:37 IST" duration-ms="0" status="PASS">
          <reporter-output>
          </reporter-output>
        </test-method> <!-- afterClass -->
        <test-method is-config="true" signature="afterTest()[pri:0, instance:com.supermarket.tests.LoginTestcase@247310d0]" started-at="2022-11-26T17:09:37 IST" name="afterTest" finished-at="2022-11-26T17:09:37 IST" duration-ms="0" status="PASS">
          <reporter-output>
          </reporter-output>
        </test-method> <!-- afterTest -->
        <test-method is-config="true" signature="afterSuite()[pri:0, instance:com.supermarket.tests.LoginTestcase@247310d0]" started-at="2022-11-26T17:09:37 IST" name="afterSuite" finished-at="2022-11-26T17:09:37 IST" duration-ms="1" status="PASS">
          <reporter-output>
          </reporter-output>
        </test-method> <!-- afterSuite -->
      </class> <!-- com.supermarket.tests.LoginTestcase -->
    </test> <!-- Testing -->
  </suite> <!-- Suite -->
</testng-results>
